<?xml version="1.0" encoding="UTF-8"?>
<!-- Generated by org.testng.reporters.JUnitXMLReporter -->
<testsuite hostname="DESKTOP-6E7KRNH" ignored="3" name="Default test" tests="1" failures="0" timestamp="03 Apr 2019 20:43:06 GMT" time="19.67" errors="0">
  <testcase name="loginTest" time="10.428" classname="gmail.LoginTestCases"/>
  <testcase name="VerifyEmptyPasswordError" time="0.0" classname="gmail.LoginTestCases">
    <ignored/>
  </testcase> <!-- VerifyEmptyPasswordError -->
  <testcase name="VerifyEmptyUserError" time="0.0" classname="gmail.LoginTestCases">
    <ignored/>
  </testcase> <!-- VerifyEmptyUserError -->
  <testcase name="VerifyWrongPasswordError" time="0.0" classname="gmail.LoginTestCases">
    <ignored/>
  </testcase> <!-- VerifyWrongPasswordError -->
</testsuite> <!-- Default test -->
