<?xml version="1.0" encoding="UTF-8"?>
<!-- Generated by org.testng.reporters.JUnitXMLReporter -->
<testsuite hostname="HPEnvy" ignored="0" name="LoginTestCases" tests="4" failures="0" timestamp="03 abr 2019 23:38:54 GMT" time="73.628" errors="0">
  <testcase name="VerifyEmptyPasswordError" time="3.087" classname="gmail.LoginTestCases"/>
  <testcase name="VerifyEmptyUserError" time="0.365" classname="gmail.LoginTestCases"/>
  <testcase name="VerifyWrongPasswordError" time="3.339" classname="gmail.LoginTestCases"/>
  <testcase name="loginTest" time="23.56" classname="gmail.LoginTestCases"/>
</testsuite> <!-- LoginTestCases -->
